<?xml version="1.0" encoding="UTF-8" ?>
<testsuite tests="3" failures="0" name="cucumber.Options.TestRunner" time="13.708" errors="0" skipped="0">
  <properties>
[...]
</properties>
  <testcase classname="Weather Validations" name="Validate weather details for particular City" time="6.692"/>
  <testcase classname="Validating place API&apos;s" name="Verify if place is being successfully added using AddPlaceAPI" time="5.066"/>
  <testcase classname="Validating place API&apos;s" name="Verify if Delete place functionality is working fine" time="1.95"/>
</testsuite>